2014/03/08 15:51:39 [error] [php] include(GxController.php): failed to open stream: No such file or directory (/Applications/XAMPP/xamppfiles/htdocs/eshopinion/yii/framework/YiiBase.php:427)
Stack trace:
#0 /Applications/XAMPP/xamppfiles/htdocs/eshopinion/eshopinion/protected/extensions/restfullyii/components/ERestController.php(81): spl_autoload_call()
#1 /Applications/XAMPP/xamppfiles/htdocs/eshopinion/yii/framework/YiiBase.php(427): include()
#2 unknown(0): autoload()
#3 /Applications/XAMPP/xamppfiles/htdocs/eshopinion/eshopinion/protected/controllers/ShopController.php(4): spl_autoload_call()
#4 /Applications/XAMPP/xamppfiles/htdocs/eshopinion/yii/framework/web/CWebApplication.php(354): require()
#5 /Applications/XAMPP/xamppfiles/htdocs/eshopinion/yii/framework/web/CWebApplication.php(276): CWebApplication->createController()
#6 /Applications/XAMPP/xamppfiles/htdocs/eshopinion/yii/framework/web/CWebApplication.php(141): CWebApplication->runController()
#7 /Applications/XAMPP/xamppfiles/htdocs/eshopinion/yii/framework/base/CApplication.php(180): CWebApplication->processRequest()
#8 /Applications/XAMPP/xamppfiles/htdocs/eshopinion/eshopinion/index.php(13): CWebApplication->run()
REQUEST_URI=/eshopinion/eshopinion/index.php/api/shop
in /Applications/XAMPP/xamppfiles/htdocs/eshopinion/eshopinion/protected/extensions/restfullyii/components/ERestController.php (81)
in /Applications/XAMPP/xamppfiles/htdocs/eshopinion/eshopinion/protected/controllers/ShopController.php (4)
in /Applications/XAMPP/xamppfiles/htdocs/eshopinion/eshopinion/index.php (13)
2014/03/08 15:51:56 [error] [php] include(GxController.php): failed to open stream: No such file or directory (/Applications/XAMPP/xamppfiles/htdocs/eshopinion/yii/framework/YiiBase.php:427)
Stack trace:
#0 /Applications/XAMPP/xamppfiles/htdocs/eshopinion/eshopinion/protected/extensions/restfullyii/components/ERestController.php(81): spl_autoload_call()
#1 /Applications/XAMPP/xamppfiles/htdocs/eshopinion/yii/framework/YiiBase.php(427): include()
#2 unknown(0): autoload()
#3 /Applications/XAMPP/xamppfiles/htdocs/eshopinion/eshopinion/protected/controllers/ShopController.php(4): spl_autoload_call()
#4 /Applications/XAMPP/xamppfiles/htdocs/eshopinion/yii/framework/web/CWebApplication.php(354): require()
#5 /Applications/XAMPP/xamppfiles/htdocs/eshopinion/yii/framework/web/CWebApplication.php(276): CWebApplication->createController()
#6 /Applications/XAMPP/xamppfiles/htdocs/eshopinion/yii/framework/web/CWebApplication.php(141): CWebApplication->runController()
#7 /Applications/XAMPP/xamppfiles/htdocs/eshopinion/yii/framework/base/CApplication.php(180): CWebApplication->processRequest()
#8 /Applications/XAMPP/xamppfiles/htdocs/eshopinion/eshopinion/index.php(13): CWebApplication->run()
REQUEST_URI=/eshopinion/eshopinion/index.php/api/shop
in /Applications/XAMPP/xamppfiles/htdocs/eshopinion/eshopinion/protected/extensions/restfullyii/components/ERestController.php (81)
in /Applications/XAMPP/xamppfiles/htdocs/eshopinion/eshopinion/protected/controllers/ShopController.php (4)
in /Applications/XAMPP/xamppfiles/htdocs/eshopinion/eshopinion/index.php (13)
